<?xml version="1.0" encoding="UTF-8"?>
<coverage generated="1786984025809" clover="3.2.0">
  <project timestamp="1786984025809" name="All files">
    <metrics statements="11" coveredstatements="11" conditionals="10" coveredconditionals="9" methods="4" coveredmethods="4" elements="25" coveredelements="24" complexity="0" loc="11" ncloc="11" packages="1" files="1" classes="1"/>
    <file name="utils.js" path="C:\Users\Rudresh Gaonkar\Documents\MCA\Cloud\SonarQubeDemo\src\utils.js">
      <metrics statements="11" coveredstatements="11" conditionals="10" coveredconditionals="9" methods="4" coveredmethods="4"/>
      <line num="11" count="6" type="cond" truecount="2" falsecount="0"/>
      <line num="12" count="3" type="stmt"/>
      <line num="13" count="8" type="cond" truecount="1" falsecount="1"/>
      <line num="29" count="11" type="cond" truecount="2" falsecount="0"/>
      <line num="30" count="8" type="stmt"/>
      <line num="31" count="8" type="stmt"/>
      <line num="40" count="6" type="cond" truecount="2" falsecount="0"/>
      <line num="41" count="3" type="stmt"/>
      <line num="42" count="3" type="cond" truecount="2" falsecount="0"/>
      <line num="43" count="2" type="stmt"/>
      <line num="46" count="1" type="stmt"/>
    </file>
  </project>
</coverage>
