{"C:\\Users\\Rudresh Gaonkar\\Documents\\MCA\\Cloud\\SonarQubeDemo\\src\\utils.js": {"path":"C:\\Users\\Rudresh Gaonkar\\Documents\\MCA\\Cloud\\SonarQubeDemo\\src\\utils.js","statementMap":{"0":{"start":{"line":11,"column":2},"end":{"line":11,"column":22}},"1":{"start":{"line":11,"column":12},"end":{"line":11,"column":22}},"2":{"start":{"line":12,"column":2},"end":{"line":20,"column":4}},"3":{"start":{"line":13,"column":12},"end":{"line":19,"column":17}},"4":{"start":{"line":29,"column":2},"end":{"line":29,"column":27}},"5":{"start":{"line":29,"column":14},"end":{"line":29,"column":27}},"6":{"start":{"line":30,"column":13},"end":{"line":30,"column":41}},"7":{"start":{"line":31,"column":2},"end":{"line":31,"column":46}},"8":{"start":{"line":40,"column":2},"end":{"line":40,"column":23}},"9":{"start":{"line":40,"column":13},"end":{"line":40,"column":23}},"10":{"start":{"line":41,"column":12},"end":{"line":41,"column":26}},"11":{"start":{"line":42,"column":2},"end":{"line":42,"column":36}},"12":{"start":{"line":42,"column":26},"end":{"line":42,"column":36}},"13":{"start":{"line":43,"column":2},"end":{"line":43,"column":39}},"14":{"start":{"line":46,"column":0},"end":{"line":50,"column":2}}},"fnMap":{"0":{"name":"escapeHtml","decl":{"start":{"line":10,"column":9},"end":{"line":10,"column":19}},"loc":{"start":{"line":10,"column":25},"end":{"line":21,"column":1}},"line":10},"1":{"name":"(anonymous_1)","decl":{"start":{"line":13,"column":4},"end":{"line":13,"column":5}},"loc":{"start":{"line":13,"column":12},"end":{"line":19,"column":17}},"line":13},"2":{"name":"validateEmail","decl":{"start":{"line":28,"column":9},"end":{"line":28,"column":22}},"loc":{"start":{"line":28,"column":30},"end":{"line":32,"column":1}},"line":28},"3":{"name":"formatDate","decl":{"start":{"line":39,"column":9},"end":{"line":39,"column":19}},"loc":{"start":{"line":39,"column":26},"end":{"line":44,"column":1}},"line":39}},"branchMap":{"0":{"loc":{"start":{"line":11,"column":2},"end":{"line":11,"column":22}},"type":"if","locations":[{"start":{"line":11,"column":2},"end":{"line":11,"column":22}},{"start":{},"end":{}}],"line":11},"1":{"loc":{"start":{"line":13,"column":12},"end":{"line":19,"column":17}},"type":"binary-expr","locations":[{"start":{"line":13,"column":12},"end":{"line":19,"column":10}},{"start":{"line":19,"column":14},"end":{"line":19,"column":17}}],"line":13},"2":{"loc":{"start":{"line":29,"column":2},"end":{"line":29,"column":27}},"type":"if","locations":[{"start":{"line":29,"column":2},"end":{"line":29,"column":27}},{"start":{},"end":{}}],"line":29},"3":{"loc":{"start":{"line":40,"column":2},"end":{"line":40,"column":23}},"type":"if","locations":[{"start":{"line":40,"column":2},"end":{"line":40,"column":23}},{"start":{},"end":{}}],"line":40},"4":{"loc":{"start":{"line":42,"column":2},"end":{"line":42,"column":36}},"type":"if","locations":[{"start":{"line":42,"column":2},"end":{"line":42,"column":36}},{"start":{},"end":{}}],"line":42}},"s":{"0":6,"1":3,"2":3,"3":8,"4":11,"5":3,"6":8,"7":8,"8":6,"9":3,"10":3,"11":3,"12":1,"13":2,"14":1},"f":{"0":6,"1":8,"2":11,"3":6},"b":{"0":[3,3],"1":[8,0],"2":[3,8],"3":[3,3],"4":[1,2]},"_coverageSchema":"1a1c01bbd47fc00a2c39e90264f33305004495a9","hash":"d1c07ec2c909184cbf96afc2c17cfa4488ca8116"}
}
